<?xml version="1.0" encoding="UTF-8"?>
<testsuite xmlns:xsi="http://www.w3.org/2001/XMLSchema-instance" xsi:noNamespaceSchemaLocation="https://maven.apache.org/surefire/maven-surefire-plugin/xsd/surefire-test-report.xsd" name="fi.tuni.prog3.sisu.sisuTests" time="19.966" tests="11" errors="0" skipped="0" failures="0">
  <properties>
[...]
</properties>
  <testcase name="testGetCourseMinCredits" classname="fi.tuni.prog3.sisu.sisuTests" time="5.411"/>
  <testcase name="testDegreeIDNull" classname="fi.tuni.prog3.sisu.sisuTests" time="0.021"/>
  <testcase name="testDegreeNoType" classname="fi.tuni.prog3.sisu.sisuTests" time="0.081"/>
  <testcase name="testGetDegreeNameUnknownLanguage" classname="fi.tuni.prog3.sisu.sisuTests" time="0.097"/>
  <testcase name="testGetCourseCode" classname="fi.tuni.prog3.sisu.sisuTests" time="4.442"/>
  <testcase name="testGetCourseName" classname="fi.tuni.prog3.sisu.sisuTests" time="4.388"/>
  <testcase name="testDegreeWrongType" classname="fi.tuni.prog3.sisu.sisuTests" time="0.016"/>
  <testcase name="testGetDegreeMinCredits" classname="fi.tuni.prog3.sisu.sisuTests" time="4.313"/>
  <testcase name="testFindID" classname="fi.tuni.prog3.sisu.sisuTests" time="0.058"/>
  <testcase name="testGetDegreeName" classname="fi.tuni.prog3.sisu.sisuTests" time="1.071"/>
  <testcase name="testNotFindID" classname="fi.tuni.prog3.sisu.sisuTests" time="0.055"/>
</testsuite>